{"/Users/diegopertusa/Sites/wedding-web/src/utils/countdown.ts": {"path":"/Users/diegopertusa/Sites/wedding-web/src/utils/countdown.ts","statementMap":{"0":{"start":{"line":16,"column":8},"end":{"line":16,"column":31}},"1":{"start":{"line":20,"column":47},"end":{"line":20,"column":91}},"2":{"start":{"line":22,"column":37},"end":{"line":22,"column":94}},"3":{"start":{"line":23,"column":38},"end":{"line":23,"column":95}},"4":{"start":{"line":24,"column":40},"end":{"line":24,"column":92}},"5":{"start":{"line":25,"column":40},"end":{"line":25,"column":87}},"6":{"start":{"line":27,"column":8},"end":{"line":32,"column":null}},"7":{"start":{"line":36,"column":8},"end":{"line":36,"column":null}},"8":{"start":{"line":36,"column":48},"end":{"line":36,"column":null}},"9":{"start":{"line":38,"column":36},"end":{"line":38,"column":46}},"10":{"start":{"line":39,"column":41},"end":{"line":39,"column":58}},"11":{"start":{"line":41,"column":8},"end":{"line":41,"column":null}},"12":{"start":{"line":45,"column":33},"end":{"line":45,"column":73}},"13":{"start":{"line":46,"column":27},"end":{"line":46,"column":60}},"14":{"start":{"line":47,"column":8},"end":{"line":47,"column":null}},"15":{"start":{"line":13,"column":0},"end":{"line":13,"column":21}}},"fnMap":{"0":{"name":"(anonymous_0)","decl":{"start":{"line":15,"column":4},"end":{"line":15,"column":16}},"loc":{"start":{"line":15,"column":30},"end":{"line":17,"column":5}}},"1":{"name":"(anonymous_1)","decl":{"start":{"line":19,"column":4},"end":{"line":19,"column":16}},"loc":{"start":{"line":19,"column":16},"end":{"line":33,"column":5}}},"2":{"name":"(anonymous_2)","decl":{"start":{"line":35,"column":12},"end":{"line":35,"column":24}},"loc":{"start":{"line":35,"column":39},"end":{"line":42,"column":5}}},"3":{"name":"(anonymous_3)","decl":{"start":{"line":44,"column":12},"end":{"line":44,"column":37}},"loc":{"start":{"line":44,"column":52},"end":{"line":48,"column":5}}}},"branchMap":{"0":{"loc":{"start":{"line":36,"column":8},"end":{"line":36,"column":null}},"type":"if","locations":[{"start":{"line":36,"column":8},"end":{"line":36,"column":null}}]},"1":{"loc":{"start":{"line":36,"column":12},"end":{"line":36,"column":46}},"type":"binary-expr","locations":[{"start":{"line":36,"column":12},"end":{"line":36,"column":22}},{"start":{"line":36,"column":26},"end":{"line":36,"column":46}}]},"2":{"loc":{"start":{"line":41,"column":15},"end":{"line":41,"column":72}},"type":"cond-expr","locations":[{"start":{"line":41,"column":29},"end":{"line":41,"column":46}},{"start":{"line":41,"column":49},"end":{"line":41,"column":72}}]}},"s":{"0":3,"1":3,"2":3,"3":3,"4":3,"5":3,"6":3,"7":12,"8":5,"9":7,"10":7,"11":7,"12":3,"13":3,"14":3,"15":1},"f":{"0":3,"1":3,"2":12,"3":3},"b":{"0":[5],"1":[12,11],"2":[1,6]}}
}
